{
  "stats": {
    "suites": 1,
    "tests": 11,
    "passes": 11,
    "pending": 0,
    "failures": 0,
    "start": "2026-06-22T21:55:13.102Z",
    "end": "2026-06-22T21:55:25.099Z",
    "duration": 11997,
    "testsRegistered": 11,
    "passPercent": 100,
    "pendingPercent": 0,
    "other": 0,
    "hasOther": false,
    "skipped": 0,
    "hasSkipped": false
  },
  "results": [
    {
      "uuid": "ad827ec6-cc67-4fa5-9d29-8a39509936c1",
      "title": "",
      "fullFile": "cypress\\e2e\\login\\logIn.cy.js",
      "file": "cypress\\e2e\\login\\logIn.cy.js",
      "beforeHooks": [],
      "afterHooks": [],
      "tests": [],
      "suites": [
        {
          "uuid": "9642376d-b7ed-4fc2-8465-03570b37079c",
          "title": "Login Page – SauceDemo",
          "fullFile": "",
          "file": "",
          "beforeHooks": [],
          "afterHooks": [],
          "tests": [
            {
              "title": "TC-001 | La página de login carga correctamente",
              "fullTitle": "Login Page – SauceDemo TC-001 | La página de login carga correctamente",
              "timedOut": null,
              "duration": 1498,
              "state": "passed",
              "speed": "fast",
              "pass": true,
              "fail": false,
              "pending": false,
              "context": null,
              "code": "cy.get(_LogIn.default.usernameInput).should('be.visible');\ncy.get(_LogIn.default.passwordInput).should('be.visible');\ncy.get(_LogIn.default.loginButton).should('be.visible').and('have.value', 'Login');",
              "err": {},
              "uuid": "900fc3ed-1fb4-4d7a-adc4-11b3bae5537f",
              "parentUUID": "9642376d-b7ed-4fc2-8465-03570b37079c",
              "isHook": false,
              "skipped": false
            },
            {
              "title": "TC-002 | Login exitoso con usuario válido",
              "fullTitle": "Login Page – SauceDemo TC-002 | Login exitoso con usuario válido",
              "timedOut": null,
              "duration": 999,
              "state": "passed",
              "speed": "fast",
              "pass": true,
              "fail": false,
              "pending": false,
              "context": null,
              "code": "// Pre-login: campos visibles y botón habilitado\ncy.get(_LogIn.default.usernameInput).should('be.visible');\ncy.get(_LogIn.default.passwordInput).should('be.visible');\ncy.get(_LogIn.default.loginButton).should('be.visible').and('be.enabled');\n// Login\ncy.fixture('users').then(({\n  validUser\n}) => {\n  _LogIn.default.login(validUser.username, validUser.password);\n});\n// Post-login: URL, título Products, lista de productos, sin error\n_Inventory.default.assertLoaded();",
              "err": {},
              "uuid": "343c4525-9f09-45a5-8c0a-7b1b7bddbe68",
              "parentUUID": "9642376d-b7ed-4fc2-8465-03570b37079c",
              "isHook": false,
              "skipped": false
            },
            {
              "title": "TC-003 | Login fallido con contraseña incorrecta",
              "fullTitle": "Login Page – SauceDemo TC-003 | Login fallido con contraseña incorrecta",
              "timedOut": null,
              "duration": 1054,
              "state": "passed",
              "speed": "fast",
              "pass": true,
              "fail": false,
              "pending": false,
              "context": null,
              "code": "cy.fixture('users').then(({\n  validUser,\n  wrongPassword\n}) => {\n  _LogIn.default.login(validUser.username, wrongPassword.password);\n  // 1 + 2: contenedor de error visible con mensaje correcto\n  cy.get(_LogIn.default.errorMsg).should('be.visible').and('contain', 'Epic sadface: Username and password do not match any user in this service');\n  // 3: URL no avanzó al inventario\n  cy.url().should('not.include', '/inventory.html');\n  // 4: formulario de login sigue visible\n  cy.get(_LogIn.default.loginForm).should('be.visible');\n  // 5: listado de productos no existe\n  cy.get(_Inventory.default.inventoryList).should('not.exist');\n  // 6: campos muestran estado visual de error\n  cy.get(_LogIn.default.usernameInput).should('have.class', 'input_error');\n  cy.get(_LogIn.default.passwordInput).should('have.class', 'input_error');\n});",
              "err": {},
              "uuid": "ab6d01f7-7aa9-4409-85c9-e8a5f56c3cb4",
              "parentUUID": "9642376d-b7ed-4fc2-8465-03570b37079c",
              "isHook": false,
              "skipped": false
            },
            {
              "title": "TC-004 | Login fallido con usuario bloqueado",
              "fullTitle": "Login Page – SauceDemo TC-004 | Login fallido con usuario bloqueado",
              "timedOut": null,
              "duration": 889,
              "state": "passed",
              "speed": "fast",
              "pass": true,
              "fail": false,
              "pending": false,
              "context": null,
              "code": "cy.fixture('users').then(({\n  lockedUser\n}) => {\n  _LogIn.default.login(lockedUser.username, lockedUser.password);\n  cy.get(_LogIn.default.errorMsg).should('be.visible').and('contain', 'Epic sadface: Sorry, this user has been locked out.');\n});",
              "err": {},
              "uuid": "95b34ea4-8b3a-4d81-9474-19233f6d0857",
              "parentUUID": "9642376d-b7ed-4fc2-8465-03570b37079c",
              "isHook": false,
              "skipped": false
            },
            {
              "title": "TC-005 | Error al enviar formulario sin credenciales",
              "fullTitle": "Login Page – SauceDemo TC-005 | Error al enviar formulario sin credenciales",
              "timedOut": null,
              "duration": 179,
              "state": "passed",
              "speed": "fast",
              "pass": true,
              "fail": false,
              "pending": false,
              "context": null,
              "code": "_LogIn.default.clickLogin();\n_LogIn.default.assertErrorMessage('Epic sadface: Username is required');\ncy.url().should('not.include', '/inventory.html');\ncy.get(_LogIn.default.loginForm).should('be.visible');\ncy.get(_Inventory.default.inventoryList).should('not.exist');\ncy.get(_LogIn.default.usernameInput).should('have.class', 'input_error');",
              "err": {},
              "uuid": "1e3df637-b896-43dd-9b28-aad5256f0a57",
              "parentUUID": "9642376d-b7ed-4fc2-8465-03570b37079c",
              "isHook": false,
              "skipped": false
            },
            {
              "title": "TC-006 | Error al enviar sin password",
              "fullTitle": "Login Page – SauceDemo TC-006 | Error al enviar sin password",
              "timedOut": null,
              "duration": 534,
              "state": "passed",
              "speed": "fast",
              "pass": true,
              "fail": false,
              "pending": false,
              "context": null,
              "code": "cy.fixture('users').then(({\n  validUser\n}) => {\n  _LogIn.default.fillUsername(validUser.username);\n  _LogIn.default.clickLogin();\n  _LogIn.default.assertErrorMessage('Epic sadface: Password is required');\n  cy.url().should('not.include', '/inventory.html');\n  cy.get(_LogIn.default.loginForm).should('be.visible');\n  cy.get(_Inventory.default.inventoryList).should('not.exist');\n  cy.get(_LogIn.default.passwordInput).should('have.class', 'input_error');\n});",
              "err": {},
              "uuid": "21aacb92-7ead-4bef-9a34-f0b6ef5e2111",
              "parentUUID": "9642376d-b7ed-4fc2-8465-03570b37079c",
              "isHook": false,
              "skipped": false
            },
            {
              "title": "TC-011 | Error al enviar sin usuario con contraseña ingresada",
              "fullTitle": "Login Page – SauceDemo TC-011 | Error al enviar sin usuario con contraseña ingresada",
              "timedOut": null,
              "duration": 528,
              "state": "passed",
              "speed": "fast",
              "pass": true,
              "fail": false,
              "pending": false,
              "context": null,
              "code": "cy.fixture('users').then(({\n  validUser\n}) => {\n  _LogIn.default.fillPassword(validUser.password);\n  _LogIn.default.clickLogin();\n  _LogIn.default.assertErrorMessage('Epic sadface: Username is required');\n  cy.url().should('not.include', '/inventory.html');\n  cy.get(_LogIn.default.loginForm).should('be.visible');\n  cy.get(_Inventory.default.inventoryList).should('not.exist');\n  cy.get(_LogIn.default.usernameInput).should('have.class', 'input_error');\n});",
              "err": {},
              "uuid": "70793c89-1324-4678-8156-4ca0bacd953b",
              "parentUUID": "9642376d-b7ed-4fc2-8465-03570b37079c",
              "isHook": false,
              "skipped": false
            },
            {
              "title": "TC-007 | Login fallido con usuario inexistente",
              "fullTitle": "Login Page – SauceDemo TC-007 | Login fallido con usuario inexistente",
              "timedOut": null,
              "duration": 916,
              "state": "passed",
              "speed": "fast",
              "pass": true,
              "fail": false,
              "pending": false,
              "context": null,
              "code": "cy.fixture('users').then(({\n  invalidUser\n}) => {\n  _LogIn.default.login(invalidUser.username, invalidUser.password);\n  cy.get(_LogIn.default.errorMsg).should('be.visible').and('contain', 'Epic sadface: Username and password do not match any user in this service');\n  cy.url().should('not.include', '/inventory.html');\n});",
              "err": {},
              "uuid": "7b58594f-d879-4d70-b3a4-61a4e998c7a0",
              "parentUUID": "9642376d-b7ed-4fc2-8465-03570b37079c",
              "isHook": false,
              "skipped": false
            },
            {
              "title": "TC-008 | Login fallido con contraseña con espacios",
              "fullTitle": "Login Page – SauceDemo TC-008 | Login fallido con contraseña con espacios",
              "timedOut": null,
              "duration": 880,
              "state": "passed",
              "speed": "fast",
              "pass": true,
              "fail": false,
              "pending": false,
              "context": null,
              "code": "cy.fixture('users').then(({\n  passwordWithSpaces\n}) => {\n  _LogIn.default.login(passwordWithSpaces.username, passwordWithSpaces.password);\n  cy.get(_LogIn.default.errorMsg).should('be.visible').and('contain', 'Epic sadface: Username and password do not match any user in this service');\n  cy.url().should('not.include', '/inventory.html');\n});",
              "err": {},
              "uuid": "f6390320-11aa-48b0-b190-08d896e83b72",
              "parentUUID": "9642376d-b7ed-4fc2-8465-03570b37079c",
              "isHook": false,
              "skipped": false
            },
            {
              "title": "TC-009 | Login fallido con contraseña en mayúsculas (case-sensitive)",
              "fullTitle": "Login Page – SauceDemo TC-009 | Login fallido con contraseña en mayúsculas (case-sensitive)",
              "timedOut": null,
              "duration": 878,
              "state": "passed",
              "speed": "fast",
              "pass": true,
              "fail": false,
              "pending": false,
              "context": null,
              "code": "cy.fixture('users').then(({\n  passwordUpperCase\n}) => {\n  _LogIn.default.login(passwordUpperCase.username, passwordUpperCase.password);\n  cy.get(_LogIn.default.errorMsg).should('be.visible').and('contain', 'Epic sadface: Username and password do not match any user in this service');\n  cy.url().should('not.include', '/inventory.html');\n});",
              "err": {},
              "uuid": "17802e08-92e8-4aab-b873-dadb3ea7a8dc",
              "parentUUID": "9642376d-b7ed-4fc2-8465-03570b37079c",
              "isHook": false,
              "skipped": false
            },
            {
              "title": "TC-010 | Cerrar mensaje de error y volver a intentar con credenciales válidas",
              "fullTitle": "Login Page – SauceDemo TC-010 | Cerrar mensaje de error y volver a intentar con credenciales válidas",
              "timedOut": null,
              "duration": 1819,
              "state": "passed",
              "speed": "fast",
              "pass": true,
              "fail": false,
              "pending": false,
              "context": null,
              "code": "cy.fixture('users').then(({\n  validUser,\n  wrongPassword\n}) => {\n  // Primer intento: falla\n  _LogIn.default.login(validUser.username, wrongPassword.password);\n  cy.get(_LogIn.default.errorMsg).should('be.visible');\n  // Cerrar el error\n  _LogIn.default.dismissError();\n  cy.get(_LogIn.default.errorMsg).should('not.exist');\n  // Segundo intento: exitoso\n  _LogIn.default.login(validUser.username, validUser.password);\n  _Inventory.default.assertLoaded();\n});",
              "err": {},
              "uuid": "0a764fd0-b600-4c98-be10-eb19a95d9ee3",
              "parentUUID": "9642376d-b7ed-4fc2-8465-03570b37079c",
              "isHook": false,
              "skipped": false
            }
          ],
          "suites": [],
          "passes": [
            "900fc3ed-1fb4-4d7a-adc4-11b3bae5537f",
            "343c4525-9f09-45a5-8c0a-7b1b7bddbe68",
            "ab6d01f7-7aa9-4409-85c9-e8a5f56c3cb4",
            "95b34ea4-8b3a-4d81-9474-19233f6d0857",
            "1e3df637-b896-43dd-9b28-aad5256f0a57",
            "21aacb92-7ead-4bef-9a34-f0b6ef5e2111",
            "70793c89-1324-4678-8156-4ca0bacd953b",
            "7b58594f-d879-4d70-b3a4-61a4e998c7a0",
            "f6390320-11aa-48b0-b190-08d896e83b72",
            "17802e08-92e8-4aab-b873-dadb3ea7a8dc",
            "0a764fd0-b600-4c98-be10-eb19a95d9ee3"
          ],
          "failures": [],
          "pending": [],
          "skipped": [],
          "duration": 10174,
          "root": false,
          "rootEmpty": false,
          "_timeout": 2000
        }
      ],
      "passes": [],
      "failures": [],
      "pending": [],
      "skipped": [],
      "duration": 0,
      "root": true,
      "rootEmpty": true,
      "_timeout": 2000
    }
  ],
  "meta": {
    "mocha": {
      "version": "7.2.0"
    },
    "mochawesome": {
      "options": {
        "quiet": false,
        "reportFilename": "mochawesome",
        "saveHtml": false,
        "saveJson": true,
        "consoleReporter": "spec",
        "useInlineDiffs": false,
        "code": true
      },
      "version": "7.1.4"
    },
    "marge": {
      "options": {
        "reportDir": "cypress/reports/mocha",
        "overwrite": false,
        "html": false,
        "json": true
      },
      "version": "6.3.2"
    }
  }
}