{
  "stats": {
    "suites": 1,
    "tests": 11,
    "passes": 11,
    "pending": 0,
    "failures": 0,
    "start": "2026-06-22T21:58:37.288Z",
    "end": "2026-06-22T21:58:49.430Z",
    "duration": 12142,
    "testsRegistered": 11,
    "passPercent": 100,
    "pendingPercent": 0,
    "other": 0,
    "hasOther": false,
    "skipped": 0,
    "hasSkipped": false
  },
  "results": [
    {
      "uuid": "7943140b-6cbe-4785-83ca-705bae1486bd",
      "title": "",
      "fullFile": "cypress\\e2e\\login\\logIn.cy.js",
      "file": "cypress\\e2e\\login\\logIn.cy.js",
      "beforeHooks": [],
      "afterHooks": [],
      "tests": [],
      "suites": [
        {
          "uuid": "1f819a73-4d4f-4ff7-ba48-09e8264921f6",
          "title": "Login Page – SauceDemo",
          "fullFile": "",
          "file": "",
          "beforeHooks": [],
          "afterHooks": [],
          "tests": [
            {
              "title": "TC-001 | La página de login carga correctamente",
              "fullTitle": "Login Page – SauceDemo TC-001 | La página de login carga correctamente",
              "timedOut": null,
              "duration": 1313,
              "state": "passed",
              "speed": "fast",
              "pass": true,
              "fail": false,
              "pending": false,
              "context": null,
              "code": "cy.get(_LogIn.default.usernameInput).should('be.visible');\ncy.get(_LogIn.default.passwordInput).should('be.visible');\ncy.get(_LogIn.default.loginButton).should('be.visible').and('have.value', 'Login');",
              "err": {},
              "uuid": "32228bd5-a487-42db-bbca-ebaf46accdaa",
              "parentUUID": "1f819a73-4d4f-4ff7-ba48-09e8264921f6",
              "isHook": false,
              "skipped": false
            },
            {
              "title": "TC-002 | Login exitoso con usuario válido",
              "fullTitle": "Login Page – SauceDemo TC-002 | Login exitoso con usuario válido",
              "timedOut": null,
              "duration": 974,
              "state": "passed",
              "speed": "fast",
              "pass": true,
              "fail": false,
              "pending": false,
              "context": null,
              "code": "// Pre-login: campos visibles y botón habilitado\ncy.get(_LogIn.default.usernameInput).should('be.visible');\ncy.get(_LogIn.default.passwordInput).should('be.visible');\ncy.get(_LogIn.default.loginButton).should('be.visible').and('be.enabled');\n// Login\ncy.fixture('users').then(({\n  validUser\n}) => {\n  _LogIn.default.login(validUser.username, validUser.password);\n});\n// Post-login: URL, título Products, lista de productos, sin error\n_Inventory.default.assertLoaded();",
              "err": {},
              "uuid": "63732281-0399-4a1e-bb41-5d9935995a48",
              "parentUUID": "1f819a73-4d4f-4ff7-ba48-09e8264921f6",
              "isHook": false,
              "skipped": false
            },
            {
              "title": "TC-003 | Login fallido con contraseña incorrecta",
              "fullTitle": "Login Page – SauceDemo TC-003 | Login fallido con contraseña incorrecta",
              "timedOut": null,
              "duration": 1298,
              "state": "passed",
              "speed": "fast",
              "pass": true,
              "fail": false,
              "pending": false,
              "context": null,
              "code": "cy.fixture('users').then(({\n  validUser,\n  wrongPassword\n}) => {\n  _LogIn.default.login(validUser.username, wrongPassword.password);\n  // 1 + 2: contenedor de error visible con mensaje correcto\n  cy.get(_LogIn.default.errorMsg).should('be.visible').and('contain', 'Epic sadface: Username and password do not match any user in this service');\n  // 3: URL no avanzó al inventario\n  cy.url().should('not.include', '/inventory.html');\n  // 4: formulario de login sigue visible\n  cy.get(_LogIn.default.loginForm).should('be.visible');\n  // 5: listado de productos no existe\n  cy.get(_Inventory.default.inventoryList).should('not.exist');\n  // 6: campos muestran estado visual de error\n  cy.get(_LogIn.default.usernameInput).should('have.class', 'input_error');\n  cy.get(_LogIn.default.passwordInput).should('have.class', 'input_error');\n});",
              "err": {},
              "uuid": "a77449cc-124f-4f0e-be5d-b31c1d639206",
              "parentUUID": "1f819a73-4d4f-4ff7-ba48-09e8264921f6",
              "isHook": false,
              "skipped": false
            },
            {
              "title": "TC-004 | Login fallido con usuario bloqueado",
              "fullTitle": "Login Page – SauceDemo TC-004 | Login fallido con usuario bloqueado",
              "timedOut": null,
              "duration": 904,
              "state": "passed",
              "speed": "fast",
              "pass": true,
              "fail": false,
              "pending": false,
              "context": null,
              "code": "cy.fixture('users').then(({\n  lockedUser\n}) => {\n  _LogIn.default.login(lockedUser.username, lockedUser.password);\n  cy.get(_LogIn.default.errorMsg).should('be.visible').and('contain', 'Epic sadface: Sorry, this user has been locked out.');\n});",
              "err": {},
              "uuid": "9a727df8-504d-4912-8fe7-118bbf055dd3",
              "parentUUID": "1f819a73-4d4f-4ff7-ba48-09e8264921f6",
              "isHook": false,
              "skipped": false
            },
            {
              "title": "TC-005 | Error al enviar formulario sin credenciales",
              "fullTitle": "Login Page – SauceDemo TC-005 | Error al enviar formulario sin credenciales",
              "timedOut": null,
              "duration": 337,
              "state": "passed",
              "speed": "fast",
              "pass": true,
              "fail": false,
              "pending": false,
              "context": null,
              "code": "_LogIn.default.clickLogin();\n_LogIn.default.assertErrorMessage('Epic sadface: Username is required');\ncy.url().should('not.include', '/inventory.html');\ncy.get(_LogIn.default.loginForm).should('be.visible');\ncy.get(_Inventory.default.inventoryList).should('not.exist');\ncy.get(_LogIn.default.usernameInput).should('have.class', 'input_error');",
              "err": {},
              "uuid": "159e2e62-a404-43e7-9b49-ee41006ffe69",
              "parentUUID": "1f819a73-4d4f-4ff7-ba48-09e8264921f6",
              "isHook": false,
              "skipped": false
            },
            {
              "title": "TC-006 | Error al enviar sin password",
              "fullTitle": "Login Page – SauceDemo TC-006 | Error al enviar sin password",
              "timedOut": null,
              "duration": 532,
              "state": "passed",
              "speed": "fast",
              "pass": true,
              "fail": false,
              "pending": false,
              "context": null,
              "code": "cy.fixture('users').then(({\n  validUser\n}) => {\n  _LogIn.default.fillUsername(validUser.username);\n  _LogIn.default.clickLogin();\n  _LogIn.default.assertErrorMessage('Epic sadface: Password is required');\n  cy.url().should('not.include', '/inventory.html');\n  cy.get(_LogIn.default.loginForm).should('be.visible');\n  cy.get(_Inventory.default.inventoryList).should('not.exist');\n  cy.get(_LogIn.default.passwordInput).should('have.class', 'input_error');\n});",
              "err": {},
              "uuid": "195f1712-0b1e-43e6-aa44-779d3201dbc6",
              "parentUUID": "1f819a73-4d4f-4ff7-ba48-09e8264921f6",
              "isHook": false,
              "skipped": false
            },
            {
              "title": "TC-011 | Error al enviar sin usuario con contraseña ingresada",
              "fullTitle": "Login Page – SauceDemo TC-011 | Error al enviar sin usuario con contraseña ingresada",
              "timedOut": null,
              "duration": 529,
              "state": "passed",
              "speed": "fast",
              "pass": true,
              "fail": false,
              "pending": false,
              "context": null,
              "code": "cy.fixture('users').then(({\n  validUser\n}) => {\n  _LogIn.default.fillPassword(validUser.password);\n  _LogIn.default.clickLogin();\n  _LogIn.default.assertErrorMessage('Epic sadface: Username is required');\n  cy.url().should('not.include', '/inventory.html');\n  cy.get(_LogIn.default.loginForm).should('be.visible');\n  cy.get(_Inventory.default.inventoryList).should('not.exist');\n  cy.get(_LogIn.default.usernameInput).should('have.class', 'input_error');\n});",
              "err": {},
              "uuid": "4b908245-464f-4524-bcd9-2eeef8160664",
              "parentUUID": "1f819a73-4d4f-4ff7-ba48-09e8264921f6",
              "isHook": false,
              "skipped": false
            },
            {
              "title": "TC-007 | Login fallido con usuario inexistente",
              "fullTitle": "Login Page – SauceDemo TC-007 | Login fallido con usuario inexistente",
              "timedOut": null,
              "duration": 918,
              "state": "passed",
              "speed": "fast",
              "pass": true,
              "fail": false,
              "pending": false,
              "context": null,
              "code": "cy.fixture('users').then(({\n  invalidUser\n}) => {\n  _LogIn.default.login(invalidUser.username, invalidUser.password);\n  cy.get(_LogIn.default.errorMsg).should('be.visible').and('contain', 'Epic sadface: Username and password do not match any user in this service');\n  cy.url().should('not.include', '/inventory.html');\n});",
              "err": {},
              "uuid": "a0f95a77-8800-49e4-be24-ddc3d43f2821",
              "parentUUID": "1f819a73-4d4f-4ff7-ba48-09e8264921f6",
              "isHook": false,
              "skipped": false
            },
            {
              "title": "TC-008 | Login fallido con contraseña con espacios",
              "fullTitle": "Login Page – SauceDemo TC-008 | Login fallido con contraseña con espacios",
              "timedOut": null,
              "duration": 872,
              "state": "passed",
              "speed": "fast",
              "pass": true,
              "fail": false,
              "pending": false,
              "context": null,
              "code": "cy.fixture('users').then(({\n  passwordWithSpaces\n}) => {\n  _LogIn.default.login(passwordWithSpaces.username, passwordWithSpaces.password);\n  cy.get(_LogIn.default.errorMsg).should('be.visible').and('contain', 'Epic sadface: Username and password do not match any user in this service');\n  cy.url().should('not.include', '/inventory.html');\n});",
              "err": {},
              "uuid": "f21d9d95-db0e-454e-89b3-4466da91bab4",
              "parentUUID": "1f819a73-4d4f-4ff7-ba48-09e8264921f6",
              "isHook": false,
              "skipped": false
            },
            {
              "title": "TC-009 | Login fallido con contraseña en mayúsculas (case-sensitive)",
              "fullTitle": "Login Page – SauceDemo TC-009 | Login fallido con contraseña en mayúsculas (case-sensitive)",
              "timedOut": null,
              "duration": 874,
              "state": "passed",
              "speed": "fast",
              "pass": true,
              "fail": false,
              "pending": false,
              "context": null,
              "code": "cy.fixture('users').then(({\n  passwordUpperCase\n}) => {\n  _LogIn.default.login(passwordUpperCase.username, passwordUpperCase.password);\n  cy.get(_LogIn.default.errorMsg).should('be.visible').and('contain', 'Epic sadface: Username and password do not match any user in this service');\n  cy.url().should('not.include', '/inventory.html');\n});",
              "err": {},
              "uuid": "40254587-17e4-43d4-890a-be0a5ccf59c6",
              "parentUUID": "1f819a73-4d4f-4ff7-ba48-09e8264921f6",
              "isHook": false,
              "skipped": false
            },
            {
              "title": "TC-010 | Cerrar mensaje de error y volver a intentar con credenciales válidas",
              "fullTitle": "Login Page – SauceDemo TC-010 | Cerrar mensaje de error y volver a intentar con credenciales válidas",
              "timedOut": null,
              "duration": 1786,
              "state": "passed",
              "speed": "fast",
              "pass": true,
              "fail": false,
              "pending": false,
              "context": null,
              "code": "cy.fixture('users').then(({\n  validUser,\n  wrongPassword\n}) => {\n  // Primer intento: falla\n  _LogIn.default.login(validUser.username, wrongPassword.password);\n  cy.get(_LogIn.default.errorMsg).should('be.visible');\n  // Cerrar el error\n  _LogIn.default.dismissError();\n  cy.get(_LogIn.default.errorMsg).should('not.exist');\n  // Segundo intento: exitoso\n  _LogIn.default.login(validUser.username, validUser.password);\n  _Inventory.default.assertLoaded();\n});",
              "err": {},
              "uuid": "ec134ddd-9b36-4454-95d4-1db95b3fe283",
              "parentUUID": "1f819a73-4d4f-4ff7-ba48-09e8264921f6",
              "isHook": false,
              "skipped": false
            }
          ],
          "suites": [],
          "passes": [
            "32228bd5-a487-42db-bbca-ebaf46accdaa",
            "63732281-0399-4a1e-bb41-5d9935995a48",
            "a77449cc-124f-4f0e-be5d-b31c1d639206",
            "9a727df8-504d-4912-8fe7-118bbf055dd3",
            "159e2e62-a404-43e7-9b49-ee41006ffe69",
            "195f1712-0b1e-43e6-aa44-779d3201dbc6",
            "4b908245-464f-4524-bcd9-2eeef8160664",
            "a0f95a77-8800-49e4-be24-ddc3d43f2821",
            "f21d9d95-db0e-454e-89b3-4466da91bab4",
            "40254587-17e4-43d4-890a-be0a5ccf59c6",
            "ec134ddd-9b36-4454-95d4-1db95b3fe283"
          ],
          "failures": [],
          "pending": [],
          "skipped": [],
          "duration": 10337,
          "root": false,
          "rootEmpty": false,
          "_timeout": 2000
        }
      ],
      "passes": [],
      "failures": [],
      "pending": [],
      "skipped": [],
      "duration": 0,
      "root": true,
      "rootEmpty": true,
      "_timeout": 2000
    }
  ],
  "meta": {
    "mocha": {
      "version": "7.2.0"
    },
    "mochawesome": {
      "options": {
        "quiet": false,
        "reportFilename": "mochawesome",
        "saveHtml": false,
        "saveJson": true,
        "consoleReporter": "spec",
        "useInlineDiffs": false,
        "code": true
      },
      "version": "7.1.4"
    },
    "marge": {
      "options": {
        "reportDir": "cypress/reports/mocha",
        "overwrite": false,
        "html": false,
        "json": true
      },
      "version": "6.3.2"
    }
  }
}