{
  "stats": {
    "suites": 1,
    "tests": 11,
    "passes": 11,
    "pending": 0,
    "failures": 0,
    "start": "2026-06-22T22:01:57.756Z",
    "end": "2026-06-22T22:02:09.447Z",
    "duration": 11691,
    "testsRegistered": 11,
    "passPercent": 100,
    "pendingPercent": 0,
    "other": 0,
    "hasOther": false,
    "skipped": 0,
    "hasSkipped": false
  },
  "results": [
    {
      "uuid": "0f34677f-2eba-4ef8-a57f-5d27fcc80e59",
      "title": "",
      "fullFile": "cypress\\e2e\\login\\logIn.cy.js",
      "file": "cypress\\e2e\\login\\logIn.cy.js",
      "beforeHooks": [],
      "afterHooks": [],
      "tests": [],
      "suites": [
        {
          "uuid": "dfd0a2a2-2d23-4ca6-86bc-3476b8918a73",
          "title": "Login Page – SauceDemo",
          "fullFile": "",
          "file": "",
          "beforeHooks": [],
          "afterHooks": [],
          "tests": [
            {
              "title": "TC-001 | La página de login carga correctamente",
              "fullTitle": "Login Page – SauceDemo TC-001 | La página de login carga correctamente",
              "timedOut": null,
              "duration": 1293,
              "state": "passed",
              "speed": "fast",
              "pass": true,
              "fail": false,
              "pending": false,
              "context": null,
              "code": "cy.get(_LogIn.default.usernameInput).should('be.visible');\ncy.get(_LogIn.default.passwordInput).should('be.visible');\ncy.get(_LogIn.default.loginButton).should('be.visible').and('have.value', 'Login');",
              "err": {},
              "uuid": "5f094aa7-fb4e-414f-8ead-0884a23c3f78",
              "parentUUID": "dfd0a2a2-2d23-4ca6-86bc-3476b8918a73",
              "isHook": false,
              "skipped": false
            },
            {
              "title": "TC-002 | Login exitoso con usuario válido",
              "fullTitle": "Login Page – SauceDemo TC-002 | Login exitoso con usuario válido",
              "timedOut": null,
              "duration": 995,
              "state": "passed",
              "speed": "fast",
              "pass": true,
              "fail": false,
              "pending": false,
              "context": null,
              "code": "// Pre-login: campos visibles y botón habilitado\ncy.get(_LogIn.default.usernameInput).should('be.visible');\ncy.get(_LogIn.default.passwordInput).should('be.visible');\ncy.get(_LogIn.default.loginButton).should('be.visible').and('be.enabled');\n// Login\ncy.fixture('users').then(({\n  validUser\n}) => {\n  _LogIn.default.login(validUser.username, validUser.password);\n});\n// Post-login: URL, título Products, lista de productos, sin error\n_Inventory.default.assertLoaded();",
              "err": {},
              "uuid": "0d59bb4b-b5ff-4019-9957-54f9409eefe6",
              "parentUUID": "dfd0a2a2-2d23-4ca6-86bc-3476b8918a73",
              "isHook": false,
              "skipped": false
            },
            {
              "title": "TC-003 | Login fallido con contraseña incorrecta",
              "fullTitle": "Login Page – SauceDemo TC-003 | Login fallido con contraseña incorrecta",
              "timedOut": null,
              "duration": 1050,
              "state": "passed",
              "speed": "fast",
              "pass": true,
              "fail": false,
              "pending": false,
              "context": null,
              "code": "cy.fixture('users').then(({\n  validUser,\n  wrongPassword\n}) => {\n  _LogIn.default.login(validUser.username, wrongPassword.password);\n  // 1 + 2: contenedor de error visible con mensaje correcto\n  cy.get(_LogIn.default.errorMsg).should('be.visible').and('contain', 'Epic sadface: Username and password do not match any user in this service');\n  // 3: URL no avanzó al inventario\n  cy.url().should('not.include', '/inventory.html');\n  // 4: formulario de login sigue visible\n  cy.get(_LogIn.default.loginForm).should('be.visible');\n  // 5: listado de productos no existe\n  cy.get(_Inventory.default.inventoryList).should('not.exist');\n  // 6: campos muestran estado visual de error\n  cy.get(_LogIn.default.usernameInput).should('have.class', 'input_error');\n  cy.get(_LogIn.default.passwordInput).should('have.class', 'input_error');\n});",
              "err": {},
              "uuid": "3d1ee7b9-7146-4f60-bd12-234d24f99eaf",
              "parentUUID": "dfd0a2a2-2d23-4ca6-86bc-3476b8918a73",
              "isHook": false,
              "skipped": false
            },
            {
              "title": "TC-004 | Login fallido con usuario bloqueado",
              "fullTitle": "Login Page – SauceDemo TC-004 | Login fallido con usuario bloqueado",
              "timedOut": null,
              "duration": 956,
              "state": "passed",
              "speed": "fast",
              "pass": true,
              "fail": false,
              "pending": false,
              "context": null,
              "code": "cy.fixture('users').then(({\n  lockedUser\n}) => {\n  _LogIn.default.login(lockedUser.username, lockedUser.password);\n  cy.get(_LogIn.default.errorMsg).should('be.visible').and('contain', 'Epic sadface: Sorry, this user has been locked out.');\n});",
              "err": {},
              "uuid": "4d783ea8-7b65-4e05-b1e3-0ba18a0aba05",
              "parentUUID": "dfd0a2a2-2d23-4ca6-86bc-3476b8918a73",
              "isHook": false,
              "skipped": false
            },
            {
              "title": "TC-005 | Error al enviar formulario sin credenciales",
              "fullTitle": "Login Page – SauceDemo TC-005 | Error al enviar formulario sin credenciales",
              "timedOut": null,
              "duration": 183,
              "state": "passed",
              "speed": "fast",
              "pass": true,
              "fail": false,
              "pending": false,
              "context": null,
              "code": "_LogIn.default.clickLogin();\n_LogIn.default.assertErrorMessage('Epic sadface: Username is required');\ncy.url().should('not.include', '/inventory.html');\ncy.get(_LogIn.default.loginForm).should('be.visible');\ncy.get(_Inventory.default.inventoryList).should('not.exist');\ncy.get(_LogIn.default.usernameInput).should('have.class', 'input_error');",
              "err": {},
              "uuid": "a1bdf8b0-63ca-42ec-b278-b650eee8214a",
              "parentUUID": "dfd0a2a2-2d23-4ca6-86bc-3476b8918a73",
              "isHook": false,
              "skipped": false
            },
            {
              "title": "TC-006 | Error al enviar sin password",
              "fullTitle": "Login Page – SauceDemo TC-006 | Error al enviar sin password",
              "timedOut": null,
              "duration": 536,
              "state": "passed",
              "speed": "fast",
              "pass": true,
              "fail": false,
              "pending": false,
              "context": null,
              "code": "cy.fixture('users').then(({\n  validUser\n}) => {\n  _LogIn.default.fillUsername(validUser.username);\n  _LogIn.default.clickLogin();\n  _LogIn.default.assertErrorMessage('Epic sadface: Password is required');\n  cy.url().should('not.include', '/inventory.html');\n  cy.get(_LogIn.default.loginForm).should('be.visible');\n  cy.get(_Inventory.default.inventoryList).should('not.exist');\n  cy.get(_LogIn.default.passwordInput).should('have.class', 'input_error');\n});",
              "err": {},
              "uuid": "f21f3101-d5f3-4460-b48b-13c895873e39",
              "parentUUID": "dfd0a2a2-2d23-4ca6-86bc-3476b8918a73",
              "isHook": false,
              "skipped": false
            },
            {
              "title": "TC-011 | Error al enviar sin usuario con contraseña ingresada",
              "fullTitle": "Login Page – SauceDemo TC-011 | Error al enviar sin usuario con contraseña ingresada",
              "timedOut": null,
              "duration": 534,
              "state": "passed",
              "speed": "fast",
              "pass": true,
              "fail": false,
              "pending": false,
              "context": null,
              "code": "cy.fixture('users').then(({\n  validUser\n}) => {\n  _LogIn.default.fillPassword(validUser.password);\n  _LogIn.default.clickLogin();\n  _LogIn.default.assertErrorMessage('Epic sadface: Username is required');\n  cy.url().should('not.include', '/inventory.html');\n  cy.get(_LogIn.default.loginForm).should('be.visible');\n  cy.get(_Inventory.default.inventoryList).should('not.exist');\n  cy.get(_LogIn.default.usernameInput).should('have.class', 'input_error');\n});",
              "err": {},
              "uuid": "43fcfc9f-27cf-4d44-a1d3-e3f30cc13924",
              "parentUUID": "dfd0a2a2-2d23-4ca6-86bc-3476b8918a73",
              "isHook": false,
              "skipped": false
            },
            {
              "title": "TC-007 | Login fallido con usuario inexistente",
              "fullTitle": "Login Page – SauceDemo TC-007 | Login fallido con usuario inexistente",
              "timedOut": null,
              "duration": 918,
              "state": "passed",
              "speed": "fast",
              "pass": true,
              "fail": false,
              "pending": false,
              "context": null,
              "code": "cy.fixture('users').then(({\n  invalidUser\n}) => {\n  _LogIn.default.login(invalidUser.username, invalidUser.password);\n  cy.get(_LogIn.default.errorMsg).should('be.visible').and('contain', 'Epic sadface: Username and password do not match any user in this service');\n  cy.url().should('not.include', '/inventory.html');\n});",
              "err": {},
              "uuid": "94aeaee2-1c32-4390-8503-4c830377ffbf",
              "parentUUID": "dfd0a2a2-2d23-4ca6-86bc-3476b8918a73",
              "isHook": false,
              "skipped": false
            },
            {
              "title": "TC-008 | Login fallido con contraseña con espacios",
              "fullTitle": "Login Page – SauceDemo TC-008 | Login fallido con contraseña con espacios",
              "timedOut": null,
              "duration": 895,
              "state": "passed",
              "speed": "fast",
              "pass": true,
              "fail": false,
              "pending": false,
              "context": null,
              "code": "cy.fixture('users').then(({\n  passwordWithSpaces\n}) => {\n  _LogIn.default.login(passwordWithSpaces.username, passwordWithSpaces.password);\n  cy.get(_LogIn.default.errorMsg).should('be.visible').and('contain', 'Epic sadface: Username and password do not match any user in this service');\n  cy.url().should('not.include', '/inventory.html');\n});",
              "err": {},
              "uuid": "45b805a3-d78d-47e6-a803-9db80785829d",
              "parentUUID": "dfd0a2a2-2d23-4ca6-86bc-3476b8918a73",
              "isHook": false,
              "skipped": false
            },
            {
              "title": "TC-009 | Login fallido con contraseña en mayúsculas (case-sensitive)",
              "fullTitle": "Login Page – SauceDemo TC-009 | Login fallido con contraseña en mayúsculas (case-sensitive)",
              "timedOut": null,
              "duration": 878,
              "state": "passed",
              "speed": "fast",
              "pass": true,
              "fail": false,
              "pending": false,
              "context": null,
              "code": "cy.fixture('users').then(({\n  passwordUpperCase\n}) => {\n  _LogIn.default.login(passwordUpperCase.username, passwordUpperCase.password);\n  cy.get(_LogIn.default.errorMsg).should('be.visible').and('contain', 'Epic sadface: Username and password do not match any user in this service');\n  cy.url().should('not.include', '/inventory.html');\n});",
              "err": {},
              "uuid": "6a6a03c3-a5d4-4e2b-95e9-71d161d49c81",
              "parentUUID": "dfd0a2a2-2d23-4ca6-86bc-3476b8918a73",
              "isHook": false,
              "skipped": false
            },
            {
              "title": "TC-010 | Cerrar mensaje de error y volver a intentar con credenciales válidas",
              "fullTitle": "Login Page – SauceDemo TC-010 | Cerrar mensaje de error y volver a intentar con credenciales válidas",
              "timedOut": null,
              "duration": 1777,
              "state": "passed",
              "speed": "fast",
              "pass": true,
              "fail": false,
              "pending": false,
              "context": null,
              "code": "cy.fixture('users').then(({\n  validUser,\n  wrongPassword\n}) => {\n  // Primer intento: falla\n  _LogIn.default.login(validUser.username, wrongPassword.password);\n  cy.get(_LogIn.default.errorMsg).should('be.visible');\n  // Cerrar el error\n  _LogIn.default.dismissError();\n  cy.get(_LogIn.default.errorMsg).should('not.exist');\n  // Segundo intento: exitoso\n  _LogIn.default.login(validUser.username, validUser.password);\n  _Inventory.default.assertLoaded();\n});",
              "err": {},
              "uuid": "b0fd380b-66ba-4f04-90ae-5cb9afa355e1",
              "parentUUID": "dfd0a2a2-2d23-4ca6-86bc-3476b8918a73",
              "isHook": false,
              "skipped": false
            }
          ],
          "suites": [],
          "passes": [
            "5f094aa7-fb4e-414f-8ead-0884a23c3f78",
            "0d59bb4b-b5ff-4019-9957-54f9409eefe6",
            "3d1ee7b9-7146-4f60-bd12-234d24f99eaf",
            "4d783ea8-7b65-4e05-b1e3-0ba18a0aba05",
            "a1bdf8b0-63ca-42ec-b278-b650eee8214a",
            "f21f3101-d5f3-4460-b48b-13c895873e39",
            "43fcfc9f-27cf-4d44-a1d3-e3f30cc13924",
            "94aeaee2-1c32-4390-8503-4c830377ffbf",
            "45b805a3-d78d-47e6-a803-9db80785829d",
            "6a6a03c3-a5d4-4e2b-95e9-71d161d49c81",
            "b0fd380b-66ba-4f04-90ae-5cb9afa355e1"
          ],
          "failures": [],
          "pending": [],
          "skipped": [],
          "duration": 10015,
          "root": false,
          "rootEmpty": false,
          "_timeout": 2000
        }
      ],
      "passes": [],
      "failures": [],
      "pending": [],
      "skipped": [],
      "duration": 0,
      "root": true,
      "rootEmpty": true,
      "_timeout": 2000
    }
  ],
  "meta": {
    "mocha": {
      "version": "7.2.0"
    },
    "mochawesome": {
      "options": {
        "quiet": false,
        "reportFilename": "mochawesome",
        "saveHtml": false,
        "saveJson": true,
        "consoleReporter": "spec",
        "useInlineDiffs": false,
        "code": true
      },
      "version": "7.1.4"
    },
    "marge": {
      "options": {
        "reportDir": "mochawesome-report",
        "overwrite": false,
        "html": false,
        "json": true
      },
      "version": "6.3.2"
    }
  }
}